<?xml version="1.0" encoding="UTF-8"?>
<testng-results ignored="0" total="1" passed="1" failed="0" skipped="0">
  <reporter-output>
  </reporter-output>
  <suite started-at="2025-07-13T23:22:31 IST" name="Suite" finished-at="2025-07-13T23:22:45 IST" duration-ms="13918">
    <groups>
    </groups>
    <test started-at="2025-07-13T23:22:31 IST" name="Test" finished-at="2025-07-13T23:22:45 IST" duration-ms="13918">
      <class name="testCase.TC002_LoginTest">
        <test-method is-config="true" signature="setup(java.lang.String)[pri:0, instance:testCase.TC002_LoginTest@38f116f6]" started-at="2025-07-13T23:22:31 IST" name="setup" finished-at="2025-07-13T23:22:42 IST" duration-ms="10654" status="PASS">
          <params>
            <param index="0">
              <value>
                <![CDATA[chrome]]>
              </value>
            </param>
          </params>
          <reporter-output>
          </reporter-output>
        </test-method> <!-- setup -->
        <test-method signature="verifyLogin()[pri:0, instance:testCase.TC002_LoginTest@38f116f6]" started-at="2025-07-13T23:22:42 IST" name="verifyLogin" finished-at="2025-07-13T23:22:44 IST" duration-ms="2538" status="PASS">
          <reporter-output>
          </reporter-output>
        </test-method> <!-- verifyLogin -->
        <test-method is-config="true" signature="tearDown()[pri:0, instance:testCase.TC002_LoginTest@38f116f6]" started-at="2025-07-13T23:22:44 IST" name="tearDown" finished-at="2025-07-13T23:22:45 IST" duration-ms="308" status="PASS">
          <reporter-output>
          </reporter-output>
        </test-method> <!-- tearDown -->
      </class> <!-- testCase.TC002_LoginTest -->
    </test> <!-- Test -->
  </suite> <!-- Suite -->
</testng-results>
